<?xml version="1.0" encoding="UTF-8"?>
<!-- Generated by org.testng.reporters.JUnitReportReporter -->
<testsuite hostname="ProminentPixel" failures="0" tests="1" name="Selenium.E2EProject.ValidateTitleHome" time="0.151" errors="0" timestamp="2023-12-01T15:31:01 IST" skipped="0">
  <testcase classname="Selenium.E2EProject.ValidateTitleHome" name="validTitle" time="0.151"/>
</testsuite> <!-- Selenium.E2EProject.ValidateTitleHome -->
