<?xml version="1.0" encoding="UTF-8"?>
<!-- Generated by org.testng.reporters.JUnitReportReporter -->
<testsuite hostname="ProminentPixel" failures="0" tests="1" name="Selenium.E2EProject.HomePage" time="3.308" errors="0" timestamp="2023-11-29T16:26:20 IST" skipped="0">
  <testcase classname="Selenium.E2EProject.HomePage" name="basePageNavigation" time="3.308"/>
</testsuite> <!-- Selenium.E2EProject.HomePage -->
