<?xml version="1.0" encoding="UTF-8"?>
<!-- Generated by org.testng.reporters.JUnitReportReporter -->
<testsuite hostname="ProminentPixel" failures="0" tests="2" name="Selenium.E2EProject.ValidateUserLogin" time="17.427" errors="0" timestamp="2023-11-30T19:40:48 IST" skipped="0">
  <testcase classname="Selenium.E2EProject.ValidateUserLogin" name="basePageNavigation" time="9.769"/>
  <testcase classname="Selenium.E2EProject.ValidateUserLogin" name="basePageNavigation" time="7.658"/>
</testsuite> <!-- Selenium.E2EProject.ValidateUserLogin -->
