<?xml version="1.0" encoding="UTF-8"?>
<!-- Generated by org.testng.reporters.JUnitReportReporter -->
<testsuite hostname="ProminentPixel" failures="0" tests="2" name="Selenium.E2EProject.HomePage" time="18.264" errors="0" timestamp="2023-11-29T18:22:44 IST" skipped="0">
  <testcase classname="Selenium.E2EProject.HomePage" name="basePageNavigation" time="9.035"/>
  <testcase classname="Selenium.E2EProject.HomePage" name="basePageNavigation" time="9.229"/>
</testsuite> <!-- Selenium.E2EProject.HomePage -->
