<?xml version="1.0" encoding="UTF-8"?>
<!-- Generated by org.testng.reporters.JUnitReportReporter -->
<testsuite hostname="ProminentPixel" failures="0" tests="1" name="Selenium.E2EProject.ValidateTitleHome" time="3.495" errors="0" timestamp="2023-11-29T19:07:10 IST" skipped="0">
  <testcase classname="Selenium.E2EProject.ValidateTitleHome" name="validTitle" time="3.495"/>
</testsuite> <!-- Selenium.E2EProject.ValidateTitleHome -->
