<?xml version="1.0" encoding="UTF-8"?>
<!-- Generated by org.testng.reporters.JUnitReportReporter -->
<testsuite hostname="ProminentPixel" failures="0" tests="2" name="Selenium.E2EProject.ValidateUserLogin" time="20.297" errors="0" timestamp="2023-11-29T19:06:56 IST" skipped="0">
  <testcase classname="Selenium.E2EProject.ValidateUserLogin" name="basePageNavigation" time="10.723"/>
  <testcase classname="Selenium.E2EProject.ValidateUserLogin" name="basePageNavigation" time="9.574"/>
</testsuite> <!-- Selenium.E2EProject.ValidateUserLogin -->
