<?xml version="1.0" encoding="UTF-8"?>
<!-- Generated by org.testng.reporters.JUnitReportReporter -->
<testsuite hostname="ProminentPixel" failures="0" tests="1" name="Selenium.E2EProject.ValidateNavigationbar" time="0.106" errors="0" timestamp="2023-12-01T15:27:34 IST" skipped="0">
  <testcase classname="Selenium.E2EProject.ValidateNavigationbar" name="validNavbar" time="0.106"/>
</testsuite> <!-- Selenium.E2EProject.ValidateNavigationbar -->
