<?xml version="1.0" encoding="UTF-8"?>
<!-- Generated by org.testng.reporters.JUnitReportReporter -->
<testsuite hostname="ProminentPixel" failures="0" tests="2" name="Selenium.E2EProject.ValidateUserLogin" time="13.364" errors="0" timestamp="2023-11-30T15:57:37 IST" skipped="0">
  <testcase classname="Selenium.E2EProject.ValidateUserLogin" name="basePageNavigation" time="5.744"/>
  <testcase classname="Selenium.E2EProject.ValidateUserLogin" name="basePageNavigation" time="7.620"/>
</testsuite> <!-- Selenium.E2EProject.ValidateUserLogin -->
