<?xml version="1.0" encoding="UTF-8"?>
<!-- Generated by org.testng.reporters.JUnitReportReporter -->
<testsuite hostname="ProminentPixel" failures="0" tests="1" name="Selenium.E2EProject.ValidateNavigationbar" time="0.057" errors="0" timestamp="2023-11-30T14:22:15 IST" skipped="0">
  <testcase classname="Selenium.E2EProject.ValidateNavigationbar" name="validNavbar" time="0.057"/>
</testsuite> <!-- Selenium.E2EProject.ValidateNavigationbar -->
