<?xml version="1.0" encoding="UTF-8"?>
<!-- Generated by org.testng.reporters.JUnitReportReporter -->
<testsuite hostname="ProminentPixel" failures="0" tests="2" name="Selenium.E2EProject.ValidateUserLogin" time="20.497" errors="0" timestamp="2023-11-30T11:08:58 IST" skipped="0">
  <testcase classname="Selenium.E2EProject.ValidateUserLogin" name="basePageNavigation" time="11.030"/>
  <testcase classname="Selenium.E2EProject.ValidateUserLogin" name="basePageNavigation" time="9.467"/>
</testsuite> <!-- Selenium.E2EProject.ValidateUserLogin -->
