<?xml version="1.0" encoding="UTF-8"?>
<!-- Generated by org.testng.reporters.JUnitReportReporter -->
<testsuite hostname="ProminentPixel" failures="0" tests="2" name="test.Demo1" time="0.002" errors="0" timestamp="2023-11-21T18:32:47 IST" skipped="0">
  <testcase classname="test.Demo1" name="test1" time="0.001"/>
  <system-out/>
  <testcase classname="test.Demo1" name="test2" time="0.001"/>
  <system-out/>
</testsuite> <!-- test.Demo1 -->
