<?xml version="1.0" encoding="UTF-8"?>
<!-- Generated by org.testng.reporters.JUnitReportReporter -->
<testsuite hostname="ProminentPixel" failures="0" tests="1" name="test.Demo3" time="0.001" errors="0" timestamp="2023-11-22T16:13:38 IST" skipped="0">
  <testcase classname="test.Demo3" name="webSignInCarLoan" time="0.001"/>
  <system-out/>
</testsuite> <!-- test.Demo3 -->
