<?xml version="1.0" encoding="UTF-8"?>
<!-- Generated by org.testng.reporters.JUnitReportReporter -->
<testsuite hostname="ProminentPixel" failures="0" tests="1" name="test.Demo1" time="0.005" errors="0" timestamp="2023-11-22T18:09:52 IST" skipped="0">
  <testcase classname="test.Demo1" name="test1" time="0.005"/>
  <system-out/>
</testsuite> <!-- test.Demo1 -->
