<?xml version="1.0" encoding="UTF-8"?>
<!-- Generated by org.testng.reporters.JUnitReportReporter -->
<testsuite hostname="ProminentPixel" failures="0" tests="5" name="test.Demo3" time="0.004" errors="0" timestamp="2023-11-22T11:31:32 IST" skipped="0">
  <testcase classname="test.Demo3" name="mobileLoginCarLoan" time="0.001"/>
  <system-out/>
  <testcase classname="test.Demo3" name="webSignOutCarLoan" time="0.001"/>
  <system-out/>
  <testcase classname="test.Demo3" name="loginAPICarLoan" time="0.000"/>
  <system-out/>
  <testcase classname="test.Demo3" name="webLoginCarLoan" time="0.001"/>
  <system-out/>
  <testcase classname="test.Demo3" name="webSignInCarLoan" time="0.001"/>
  <system-out/>
</testsuite> <!-- test.Demo3 -->
