<?xml version="1.0" encoding="UTF-8"?>
<!-- Generated by org.testng.reporters.JUnitReportReporter -->
<testsuite hostname="ProminentPixel" failures="0" tests="3" name="test.Demo3" time="0.003" errors="0" timestamp="2023-11-21T18:32:47 IST" skipped="0">
  <testcase classname="test.Demo3" name="webLoginCarLoan" time="0.001"/>
  <system-out/>
  <testcase classname="test.Demo3" name="loginAPICarLoan" time="0.001"/>
  <system-out/>
  <testcase classname="test.Demo3" name="mobileLoginCarLoan" time="0.001"/>
  <system-out/>
</testsuite> <!-- test.Demo3 -->
