<?xml version="1.0" encoding="UTF-8"?>
<!-- Generated by org.testng.reporters.JUnitReportReporter -->
<testsuite hostname="ProminentPixel" failures="0" tests="1" name="test.Demo4" time="0.000" errors="0" timestamp="2023-11-23T12:36:19 IST" skipped="0">
  <testcase classname="test.Demo4" name="loginAPIHomeLoan" time="0.000"/>
  <system-out/>
</testsuite> <!-- test.Demo4 -->
