<?xml version="1.0" encoding="UTF-8"?>
<!-- Generated by org.testng.reporters.JUnitReportReporter -->
<testsuite hostname="ProminentPixel" failures="0" tests="2" name="test.Demo3" time="0.002" errors="0" timestamp="2023-11-22T11:06:43 IST" skipped="0">
  <testcase classname="test.Demo3" name="loginAPICarLoan" time="0.001"/>
  <system-out/>
  <testcase classname="test.Demo3" name="webLoginCarLoan" time="0.001"/>
  <system-out/>
</testsuite> <!-- test.Demo3 -->
