<?xml version="1.0" encoding="UTF-8"?>
<!-- Generated by org.testng.reporters.JUnitReportReporter -->
<testsuite hostname="ProminentPixel" failures="0" tests="3" name="test.Demo4" time="0.002" errors="0" timestamp="2023-11-22T11:31:32 IST" skipped="0">
  <testcase classname="test.Demo4" name="mobileLoginHomeLoan" time="0.001"/>
  <system-out/>
  <testcase classname="test.Demo4" name="loginAPIHomeLoan" time="0.001"/>
  <system-out/>
  <testcase classname="test.Demo4" name="webLoginHomeLoan" time="0.000"/>
  <system-out/>
</testsuite> <!-- test.Demo4 -->
