<?xml version="1.0" encoding="UTF-8"?>
<!-- Generated by org.testng.reporters.JUnitReportReporter -->
<testsuite hostname="ProminentPixel" failures="0" tests="7" name="test.Demo3" time="0.006" errors="0" timestamp="2023-11-22T18:46:20 IST" skipped="1">
  <testcase classname="test.Demo3" name="loginAPICarLoan" time="0.001"/>
  <system-out/>
  <testcase classname="test.Demo3" name="xsignInAPICarLoan" time="0.001"/>
  <system-out/>
  <testcase classname="test.Demo3" name="webLoginCarLoan" time="0.001"/>
  <system-out/>
  <testcase classname="test.Demo3" name="xsignInAPICarLoan" time="0.001"/>
  <system-out/>
  <testcase classname="test.Demo3" name="webSignInCarLoan" time="0.001"/>
  <system-out/>
  <testcase classname="test.Demo3" name="xsignInAPICarLoan" time="0.001"/>
  <system-out/>
  <testcase classname="test.Demo3" name="webSignOutCarLoan">
    <skipped/>
  </testcase> <!-- webSignOutCarLoan -->
  <system-out/>
</testsuite> <!-- test.Demo3 -->
