<?xml version="1.0" encoding="UTF-8"?>
<!-- Generated by org.testng.reporters.JUnitReportReporter -->
<testsuite hostname="ProminentPixel" failures="0" tests="1" name="test.Demo2" time="0.000" errors="0" timestamp="2023-11-22T11:31:32 IST" skipped="0">
  <testcase classname="test.Demo2" name="test2" time="0.000"/>
  <system-out/>
</testsuite> <!-- test.Demo2 -->
