<?xml version="1.0" encoding="UTF-8"?>
<!-- Generated by org.testng.reporters.JUnitReportReporter -->
<testsuite hostname="ProminentPixel" failures="0" tests="1" name="MevenPractice.ExtentReports.ExtentReportDemo" time="2.938" errors="0" timestamp="2023-11-27T13:22:11 IST" skipped="0">
  <testcase classname="MevenPractice.ExtentReports.ExtentReportDemo" name="initialDemo" time="2.938"/>
</testsuite> <!-- MevenPractice.ExtentReports.ExtentReportDemo -->
