<?xml version="1.0" encoding="UTF-8"?>
<!-- Generated by org.testng.reporters.JUnitReportReporter -->
<testsuite hostname="ProminentPixel" failures="0" tests="1" name="Selenium.E2EProject.validateTitle" time="3.753" errors="0" timestamp="2023-11-29T19:04:51 IST" skipped="0">
  <testcase classname="Selenium.E2EProject.validateTitle" name="validTitle" time="3.753"/>
</testsuite> <!-- Selenium.E2EProject.validateTitle -->
