<?xml version="1.0" encoding="UTF-8"?>
<!-- Generated by org.testng.reporters.JUnitReportReporter -->
<testsuite hostname="ProminentPixel" failures="0" tests="2" name="Selenium.E2EProject.ValidateUserLogin" time="4.512" errors="0" timestamp="2023-12-06T12:23:18 IST" skipped="0">
  <testcase classname="Selenium.E2EProject.ValidateUserLogin" name="basePageNavigation" time="1.816"/>
  <testcase classname="Selenium.E2EProject.ValidateUserLogin" name="basePageNavigation" time="2.696"/>
</testsuite> <!-- Selenium.E2EProject.ValidateUserLogin -->
