<?xml version="1.0" encoding="UTF-8"?>
<!-- Generated by org.testng.reporters.JUnitReportReporter -->
<testsuite hostname="ProminentPixel" failures="0" tests="2" name="cucumberOptions.TestRunner" time="36.967" errors="0" timestamp="2023-12-07T15:29:27 IST" skipped="0">
  <testcase classname="cucumberOptions.TestRunner" name="runScenario" time="18.824"/>
  <testcase classname="cucumberOptions.TestRunner" name="runScenario" time="18.143"/>
</testsuite> <!-- cucumberOptions.TestRunner -->
