<?xml version="1.0" encoding="UTF-8"?>
<!-- Generated by org.testng.reporters.JUnitReportReporter -->
<testsuite hostname="ProminentPixel" failures="0" tests="2" name="MevenPractices.MavenJava.RESTAPITest" time="0.002" errors="0" timestamp="2023-11-25T12:32:33 IST" skipped="0">
  <testcase classname="MevenPractices.MavenJava.RESTAPITest" name="deleteTwitter" time="0.000"/>
  <system-out/>
  <testcase classname="MevenPractices.MavenJava.RESTAPITest" name="postJira" time="0.002"/>
  <system-out/>
</testsuite> <!-- MevenPractices.MavenJava.RESTAPITest -->
