<?xml version="1.0" encoding="UTF-8"?>
<!-- Generated by org.testng.reporters.JUnitReportReporter -->
<testsuite hostname="ProminentPixel" failures="0" tests="2" name="MevenPractices.MavenJava.SeleniumTest" time="0.000" errors="0" timestamp="2023-11-25T12:32:43 IST" skipped="0">
  <testcase classname="MevenPractices.MavenJava.SeleniumTest" name="elementUI" time="0.000"/>
  <system-out/>
  <testcase classname="MevenPractices.MavenJava.SeleniumTest" name="BrowserAutomation" time="0.000"/>
  <system-out/>
</testsuite> <!-- MevenPractices.MavenJava.SeleniumTest -->
