<?xml version="1.0" encoding="UTF-8"?>
<!-- Generated by org.testng.reporters.JUnitReportReporter -->
<testsuite hostname="ProminentPixel" failures="0" tests="2" name="MevenPractices.MavenJava.AppiumTest" time="0.010" errors="0" timestamp="2023-11-25T12:32:43 IST" skipped="0">
  <testcase classname="MevenPractices.MavenJava.AppiumTest" name="nativeAppsAndroids" time="0.002"/>
  <system-out/>
  <testcase classname="MevenPractices.MavenJava.AppiumTest" name="IOSApps" time="0.008"/>
  <system-out/>
</testsuite> <!-- MevenPractices.MavenJava.AppiumTest -->
